<?xml version="1.0" encoding="UTF-8"?>
<testsuite name="StubAnalyzerTest" tests="4" skipped="0" failures="0" errors="0" timestamp="2017-02-06T15:50:07" hostname="madzinah-HP-Pavilion-15-Notebook-PC" time="0.044">
  <properties/>
  <testcase name="testSetWeights" classname="StubAnalyzerTest" time="0.037"/>
  <testcase name="testTrain" classname="StubAnalyzerTest" time="0.002"/>
  <testcase name="testPredict" classname="StubAnalyzerTest" time="0.001"/>
  <testcase name="testGetWeights" classname="StubAnalyzerTest" time="0.001"/>
  <system-out><![CDATA[]]></system-out>
  <system-err><![CDATA[]]></system-err>
</testsuite>
