<?xml version="1.0" encoding="UTF-8"?>
<testsuite name="LogParserTest" tests="7" skipped="0" failures="0" errors="0" timestamp="2017-03-10T08:38:47" hostname="TheCodingLaptop" time="0.035">
  <properties/>
  <testcase name="parseTrainingDataNull" classname="LogParserTest" time="0.0"/>
  <testcase name="parsePredictDataNull" classname="LogParserTest" time="0.001"/>
  <testcase name="Comportement normal parseTrainData" classname="LogParserTest" time="0.0"/>
  <testcase name="Comportement limite parseTrainData" classname="LogParserTest" time="0.021"/>
  <testcase name="Comportement faux parseTrainData" classname="LogParserTest" time="0.001"/>
  <testcase name="Comportement normal parsePredictData" classname="LogParserTest" time="0.0"/>
  <testcase name="Comportement limite parsePredictData" classname="LogParserTest" time="0.012"/>
  <system-out><![CDATA[]]></system-out>
  <system-err><![CDATA[]]></system-err>
</testsuite>
